0 info it worked if it ends with ok
1 verbose cli [ 'node',
1 verbose cli   '/Users/bquinn/.nvm/versions/node/v0.12.7/bin/npm',
1 verbose cli   'install' ]
2 info using npm@2.14.0
3 info using node@v0.12.7
4 verbose readDependencies loading dependencies from /Users/bquinn/Documents/Dev/Sides/Glass_Horse/package.json
5 error install Couldn't read dependencies
6 verbose stack Error: Invalid name: "sriservices Worpdress"
6 verbose stack     at ensureValidName (/Users/bquinn/.nvm/versions/node/v0.12.7/lib/node_modules/npm/node_modules/normalize-package-data/lib/fixer.js:331:15)
6 verbose stack     at Object.module.exports.fixNameField (/Users/bquinn/.nvm/versions/node/v0.12.7/lib/node_modules/npm/node_modules/normalize-package-data/lib/fixer.js:210:5)
6 verbose stack     at /Users/bquinn/.nvm/versions/node/v0.12.7/lib/node_modules/npm/node_modules/normalize-package-data/lib/normalize.js:32:38
6 verbose stack     at Array.forEach (native)
6 verbose stack     at normalize (/Users/bquinn/.nvm/versions/node/v0.12.7/lib/node_modules/npm/node_modules/normalize-package-data/lib/normalize.js:31:15)
6 verbose stack     at final (/Users/bquinn/.nvm/versions/node/v0.12.7/lib/node_modules/npm/node_modules/read-package-json/read-json.js:338:5)
6 verbose stack     at then (/Users/bquinn/.nvm/versions/node/v0.12.7/lib/node_modules/npm/node_modules/read-package-json/read-json.js:113:5)
6 verbose stack     at /Users/bquinn/.nvm/versions/node/v0.12.7/lib/node_modules/npm/node_modules/read-package-json/read-json.js:300:12
6 verbose stack     at evalmachine.<anonymous>:334:14
6 verbose stack     at /Users/bquinn/.nvm/versions/node/v0.12.7/lib/node_modules/npm/node_modules/read-package-json/node_modules/graceful-fs/graceful-fs.js:102:5
7 verbose cwd /Users/bquinn/Documents/Dev/Sides/Glass_Horse
8 error Darwin 14.5.0
9 error argv "node" "/Users/bquinn/.nvm/versions/node/v0.12.7/bin/npm" "install"
10 error node v0.12.7
11 error npm  v2.14.0
12 error Invalid name: "sriservices Worpdress"
13 error If you need help, you may report this error at:
13 error     <https://github.com/npm/npm/issues>
14 verbose exit [ 1, true ]
